<?xml version="1.0" encoding="UTF-8"?>
<!-- Generated by org.testng.reporters.JUnitReportReporter -->
<testsuite hostname="Hemants-MacBook-Pro.local" name="com.automatika.runners.DownloadFeatureRunner_Copy" tests="1" failures="0" timestamp="13 Dec 2015 16:27:03 GMT" time="31.300" errors="0">
  <testcase name="run_cukes" time="31.300" classname="com.automatika.runners.DownloadFeatureRunner_Copy"/>
</testsuite> <!-- com.automatika.runners.DownloadFeatureRunner_Copy -->
